Determining if the pthread_create exist failed with the following output:
Change Dir: /home/walter/Escritorio/GitCob/johanReconstrucionUK/src/segmentation/bin/CMakeFiles/CMakeTmp

Run Build Command:"/usr/bin/make" "cmTC_0ea92/fast"
/usr/bin/make -f CMakeFiles/cmTC_0ea92.dir/build.make CMakeFiles/cmTC_0ea92.dir/build
make[1]: Entering directory '/home/walter/Escritorio/GitCob/johanReconstrucionUK/src/segmentation/bin/CMakeFiles/CMakeTmp'
Building C object CMakeFiles/cmTC_0ea92.dir/CheckSymbolExists.c.o
/usr/bin/cc     -o CMakeFiles/cmTC_0ea92.dir/CheckSymbolExists.c.o   -c /home/walter/Escritorio/GitCob/johanReconstrucionUK/src/segmentation/bin/CMakeFiles/CMakeTmp/CheckSymbolExists.c
Linking C executable cmTC_0ea92
/usr/bin/cmake -E cmake_link_script CMakeFiles/cmTC_0ea92.dir/link.txt --verbose=1
/usr/bin/cc       CMakeFiles/cmTC_0ea92.dir/CheckSymbolExists.c.o  -o cmTC_0ea92 -rdynamic 
CMakeFiles/cmTC_0ea92.dir/CheckSymbolExists.c.o: In function `main':
CheckSymbolExists.c:(.text+0x16): undefined reference to `pthread_create'
collect2: error: ld returned 1 exit status
CMakeFiles/cmTC_0ea92.dir/build.make:97: recipe for target 'cmTC_0ea92' failed
make[1]: *** [cmTC_0ea92] Error 1
make[1]: Leaving directory '/home/walter/Escritorio/GitCob/johanReconstrucionUK/src/segmentation/bin/CMakeFiles/CMakeTmp'
Makefile:126: recipe for target 'cmTC_0ea92/fast' failed
make: *** [cmTC_0ea92/fast] Error 2

File /home/walter/Escritorio/GitCob/johanReconstrucionUK/src/segmentation/bin/CMakeFiles/CMakeTmp/CheckSymbolExists.c:
/* */
#include <pthread.h>

int main(int argc, char** argv)
{
  (void)argv;
#ifndef pthread_create
  return ((int*)(&pthread_create))[argc];
#else
  (void)argc;
  return 0;
#endif
}

Determining if the function pthread_create exists in the pthreads failed with the following output:
Change Dir: /home/walter/Escritorio/GitCob/johanReconstrucionUK/src/segmentation/bin/CMakeFiles/CMakeTmp

Run Build Command:"/usr/bin/make" "cmTC_37cb2/fast"
/usr/bin/make -f CMakeFiles/cmTC_37cb2.dir/build.make CMakeFiles/cmTC_37cb2.dir/build
make[1]: Entering directory '/home/walter/Escritorio/GitCob/johanReconstrucionUK/src/segmentation/bin/CMakeFiles/CMakeTmp'
Building C object CMakeFiles/cmTC_37cb2.dir/CheckFunctionExists.c.o
/usr/bin/cc    -DCHECK_FUNCTION_EXISTS=pthread_create   -o CMakeFiles/cmTC_37cb2.dir/CheckFunctionExists.c.o   -c /usr/share/cmake-3.5/Modules/CheckFunctionExists.c
Linking C executable cmTC_37cb2
/usr/bin/cmake -E cmake_link_script CMakeFiles/cmTC_37cb2.dir/link.txt --verbose=1
/usr/bin/cc   -DCHECK_FUNCTION_EXISTS=pthread_create    CMakeFiles/cmTC_37cb2.dir/CheckFunctionExists.c.o  -o cmTC_37cb2 -rdynamic -lpthreads 
/usr/bin/ld: cannot find -lpthreads
collect2: error: ld returned 1 exit status
CMakeFiles/cmTC_37cb2.dir/build.make:97: recipe for target 'cmTC_37cb2' failed
make[1]: *** [cmTC_37cb2] Error 1
make[1]: Leaving directory '/home/walter/Escritorio/GitCob/johanReconstrucionUK/src/segmentation/bin/CMakeFiles/CMakeTmp'
Makefile:126: recipe for target 'cmTC_37cb2/fast' failed
make: *** [cmTC_37cb2/fast] Error 2


Determining if the pthread_create exist failed with the following output:
Change Dir: /media/walter/E/dockerPrograms/dtm_uk/plane_classification/src/segmentation/bin/CMakeFiles/CMakeTmp

Run Build Command:"/usr/bin/make" "cmTC_47874/fast"
/usr/bin/make -f CMakeFiles/cmTC_47874.dir/build.make CMakeFiles/cmTC_47874.dir/build
make[1]: Entering directory '/media/walter/E/dockerPrograms/dtm_uk/plane_classification/src/segmentation/bin/CMakeFiles/CMakeTmp'
Building C object CMakeFiles/cmTC_47874.dir/CheckSymbolExists.c.o
/usr/bin/cc     -o CMakeFiles/cmTC_47874.dir/CheckSymbolExists.c.o   -c /media/walter/E/dockerPrograms/dtm_uk/plane_classification/src/segmentation/bin/CMakeFiles/CMakeTmp/CheckSymbolExists.c
Linking C executable cmTC_47874
/usr/bin/cmake -E cmake_link_script CMakeFiles/cmTC_47874.dir/link.txt --verbose=1
/usr/bin/cc       CMakeFiles/cmTC_47874.dir/CheckSymbolExists.c.o  -o cmTC_47874 -rdynamic 
CMakeFiles/cmTC_47874.dir/CheckSymbolExists.c.o: In function `main':
CheckSymbolExists.c:(.text+0x16): undefined reference to `pthread_create'
collect2: error: ld returned 1 exit status
CMakeFiles/cmTC_47874.dir/build.make:97: recipe for target 'cmTC_47874' failed
make[1]: *** [cmTC_47874] Error 1
make[1]: Leaving directory '/media/walter/E/dockerPrograms/dtm_uk/plane_classification/src/segmentation/bin/CMakeFiles/CMakeTmp'
Makefile:126: recipe for target 'cmTC_47874/fast' failed
make: *** [cmTC_47874/fast] Error 2

File /media/walter/E/dockerPrograms/dtm_uk/plane_classification/src/segmentation/bin/CMakeFiles/CMakeTmp/CheckSymbolExists.c:
/* */
#include <pthread.h>

int main(int argc, char** argv)
{
  (void)argv;
#ifndef pthread_create
  return ((int*)(&pthread_create))[argc];
#else
  (void)argc;
  return 0;
#endif
}

Determining if the function pthread_create exists in the pthreads failed with the following output:
Change Dir: /media/walter/E/dockerPrograms/dtm_uk/plane_classification/src/segmentation/bin/CMakeFiles/CMakeTmp

Run Build Command:"/usr/bin/make" "cmTC_31a98/fast"
/usr/bin/make -f CMakeFiles/cmTC_31a98.dir/build.make CMakeFiles/cmTC_31a98.dir/build
make[1]: Entering directory '/media/walter/E/dockerPrograms/dtm_uk/plane_classification/src/segmentation/bin/CMakeFiles/CMakeTmp'
Building C object CMakeFiles/cmTC_31a98.dir/CheckFunctionExists.c.o
/usr/bin/cc    -DCHECK_FUNCTION_EXISTS=pthread_create   -o CMakeFiles/cmTC_31a98.dir/CheckFunctionExists.c.o   -c /usr/share/cmake-3.5/Modules/CheckFunctionExists.c
Linking C executable cmTC_31a98
/usr/bin/cmake -E cmake_link_script CMakeFiles/cmTC_31a98.dir/link.txt --verbose=1
/usr/bin/cc   -DCHECK_FUNCTION_EXISTS=pthread_create    CMakeFiles/cmTC_31a98.dir/CheckFunctionExists.c.o  -o cmTC_31a98 -rdynamic -lpthreads 
/usr/bin/ld: cannot find -lpthreads
collect2: error: ld returned 1 exit status
CMakeFiles/cmTC_31a98.dir/build.make:97: recipe for target 'cmTC_31a98' failed
make[1]: *** [cmTC_31a98] Error 1
make[1]: Leaving directory '/media/walter/E/dockerPrograms/dtm_uk/plane_classification/src/segmentation/bin/CMakeFiles/CMakeTmp'
Makefile:126: recipe for target 'cmTC_31a98/fast' failed
make: *** [cmTC_31a98/fast] Error 2


